<?xml version="1.0" encoding="UTF-8"?>
<!-- Generated by org.testng.reporters.JUnitReportReporter -->
<testsuite skipped="0" hostname="SonuAcharya" name="Qsp.demotestng" tests="1" failures="0" timestamp="2022-11-08T17:05:59 IST" time="0.008" errors="0">
  <testcase name="testdemo" time="0.008" classname="Qsp.demotestng"/>
  <system-out>
    <![CDATA[welcome]]>
  </system-out>
</testsuite> <!-- Qsp.demotestng -->
